<?xml version="1.0" encoding="UTF-8"?>
<!-- Generated by org.testng.reporters.JUnitXMLReporter -->
<testsuite ignored="1" hostname="DEVAS" failures="0" tests="3" name="Buy And Sell Share Test" time="4.288" errors="0" timestamp="2022-08-22T12:57:11 IST">
  <testcase classname="testcases.LoginTestAdv" name="validatelogin" time="0.458"/>
  <testcase classname="testcases.LoginTestAdv" name="validatepin" time="0.213"/>
  <testcase classname="testcases.LoginTestAdv" name="validatetitle" time="0.024"/>
  <testcase classname="testcases.BaseTest" name="@BeforeSuite browser" time="0.0">
    <ignored/>
  </testcase> <!-- @BeforeSuite browser -->
</testsuite> <!-- Buy And Sell Share Test -->
